<?xml version="1.0" encoding="UTF-8"?>
<!-- Generated by org.testng.reporters.JUnitReportReporter -->
<testsuite hostname="Lenovo-PC" name="tests.Probando" tests="1" failures="0" timestamp="24 Feb 2017 20:36:01 GMT" time="0.012" errors="0">
  <testcase name="test" time="0.012" classname="tests.Probando"/>
</testsuite> <!-- tests.Probando -->
